<?xml version="1.0" encoding="UTF-8"?>
<!-- Generated by org.testng.reporters.JUnitReportReporter -->
<testsuite hostname="LAPTOP-U2DQVJNJ" failures="0" tests="2" name="testcases.Requests" time="2.933" errors="0" timestamp="2023-04-09T15:01:49 IST" skipped="0">
  <testcase classname="testcases.Requests" name="PostMethod" time="2.677"/>
  <system-out/>
  <testcase classname="testcases.Requests" name="getMethodwithPathParam" time="0.256"/>
  <system-out/>
</testsuite> <!-- testcases.Requests -->
