<?xml version="1.0" encoding="UTF-8"?>
<!-- Generated by org.testng.reporters.JUnitReportReporter -->
<testsuite hostname="LAPTOP-U2DQVJNJ" failures="0" tests="1" name="testcases.Requests" time="2.223" errors="0" timestamp="2023-04-05T10:42:39 IST" skipped="0">
  <testcase classname="testcases.Requests" name="PostMethod" time="2.223"/>
  <system-out/>
</testsuite> <!-- testcases.Requests -->
